#
# There is insufficient memory for the Java Runtime Environment to continue.
# Native memory allocation (mmap) failed to map 65536 bytes for Failed to commit metaspace.
# Possible reasons:
#   The system is out of physical RAM or swap space
#   The process is running with CompressedOops enabled, and the Java Heap may be blocking the growth of the native heap
# Possible solutions:
#   Reduce memory load on the system
#   Increase physical memory or swap space
#   Check if swap backing store is full
#   Decrease Java heap size (-Xmx/-Xms)
#   Decrease number of Java threads
#   Decrease Java thread stack sizes (-Xss)
#   Set larger code cache with -XX:ReservedCodeCacheSize=
#   JVM is running with Unscaled Compressed Oops mode in which the Java heap is
#     placed in the first 4GB address space. The Java Heap base address is the
#     maximum limit for the native heap growth. Please use -XX:HeapBaseMinAddress
#     to set the Java Heap base and to place the Java Heap above 4GB virtual address.
# This output file may be truncated or incomplete.
#
#  Out of Memory Error (virtualSpaceNode.cpp:108), pid=1708, tid=15036
#
# JRE version: Java(TM) SE Runtime Environment (16.0.2+7) (build 16.0.2+7-67)
# Java VM: Java HotSpot(TM) 64-Bit Server VM (16.0.2+7-67, mixed mode, sharing, tiered, compressed oops, compressed class ptrs, g1 gc, windows-amd64)
# No core dump will be written. Minidumps are not enabled by default on client versions of Windows
#

---------------  S U M M A R Y ------------

Command Line: -XX:TieredStopAtLevel=1 -Xverify:none -Dspring.output.ansi.enabled=always -javaagent:C:\Program Files\JetBrains\IntelliJ IDEA 2021.2.3\lib\idea_rt.jar=51048:C:\Program Files\JetBrains\IntelliJ IDEA 2021.2.3\bin -Dcom.sun.management.jmxremote -Dspring.jmx.enabled=true -Dspring.liveBeansView.mbeanDomain -Dspring.application.admin.enabled=true -Dfile.encoding=UTF-8 com.akash.ConfigServer.ConfigServerApplication

Host: Intel(R) Core(TM) i7-7500U CPU @ 2.70GHz, 4 cores, 7G,  Windows 10 , 64 bit Build 19041 (10.0.19041.1348)
Time: Thu Dec  9 23:25:29 2021 India Standard Time elapsed time: 0.763051 seconds (0d 0h 0m 0s)

---------------  T H R E A D  ---------------

Current thread (0x0000024ef8a9c180):  JavaThread "main" [_thread_in_vm, id=15036, stack(0x0000009adcf00000,0x0000009add000000)]

Stack: [0x0000009adcf00000,0x0000009add000000]
Native frames: (J=compiled Java code, j=interpreted, Vv=VM code, C=native code)
V  [jvm.dll+0x6681ca]
V  [jvm.dll+0x7c9e69]
V  [jvm.dll+0x7cb61e]
V  [jvm.dll+0x7cbc73]
V  [jvm.dll+0x242c55]
V  [jvm.dll+0x7c64eb]
V  [jvm.dll+0x60ddd6]
V  [jvm.dll+0x60de3a]
V  [jvm.dll+0x61046a]
V  [jvm.dll+0x60e6d1]
V  [jvm.dll+0x61fa42]
V  [jvm.dll+0x619006]
V  [jvm.dll+0x375dea]
C  0x0000024e876acb5f

Java frames: (J=compiled Java code, j=interpreted, Vv=VM code)
j  sun.net.www.protocol.file.FileURLConnection.<init>(Ljava/net/URL;Ljava/io/File;)V+0 java.base@16.0.2
j  sun.net.www.protocol.file.Handler.createFileURLConnection(Ljava/net/URL;Ljava/io/File;)Ljava/net/URLConnection;+6 java.base@16.0.2
j  sun.net.www.protocol.file.Handler.openConnection(Ljava/net/URL;Ljava/net/Proxy;)Ljava/net/URLConnection;+79 java.base@16.0.2
j  sun.net.www.protocol.file.Handler.openConnection(Ljava/net/URL;)Ljava/net/URLConnection;+3 java.base@16.0.2
j  java.net.URL.openConnection()Ljava/net/URLConnection;+5 java.base@16.0.2
j  sun.security.util.LazyCodeSourcePermissionCollection.ensureAdded()V+37 java.base@16.0.2
j  sun.security.util.LazyCodeSourcePermissionCollection.elements()Ljava/util/Enumeration;+1 java.base@16.0.2
j  sun.security.provider.PolicyFile.getPermissions(Ljava/security/ProtectionDomain;)Ljava/security/PermissionCollection;+36 java.base@16.0.2
j  sun.security.provider.PolicyFile.implies(Ljava/security/ProtectionDomain;Ljava/security/Permission;)Z+31 java.base@16.0.2
j  java.security.ProtectionDomain.implies(Ljava/security/Permission;)Z+21 java.base@16.0.2
j  java.security.ProtectionDomain.impliesWithAltFilePerm(Ljava/security/Permission;)Z+23 java.base@16.0.2
j  java.security.AccessControlContext.checkPermission(Ljava/security/Permission;)V+323 java.base@16.0.2
j  java.security.AccessController.checkPermission(Ljava/security/Permission;)V+161 java.base@16.0.2
j  ch.qos.logback.core.util.Loader$1.run()Ljava/lang/Boolean;+9
j  ch.qos.logback.core.util.Loader$1.run()Ljava/lang/Object;+1
J 784 c1 java.security.AccessController.doPrivileged(Ljava/security/PrivilegedAction;)Ljava/lang/Object; java.base@16.0.2 (9 bytes) @ 0x0000024e87e4befc [0x0000024e87e4bec0+0x000000000000003c]
j  ch.qos.logback.core.util.Loader.<clinit>()V+34
v  ~StubRoutines::call_stub
j  ch.qos.logback.classic.util.ContextInitializer.findURLOfDefaultConfigurationFile(Z)Ljava/net/URL;+1
j  ch.qos.logback.classic.util.ContextInitializer.autoConfig()V+9
j  org.slf4j.impl.StaticLoggerBinder.init()V+11
j  org.slf4j.impl.StaticLoggerBinder.<clinit>()V+28
v  ~StubRoutines::call_stub
j  org.slf4j.LoggerFactory.bind()V+16
j  org.slf4j.LoggerFactory.performInitialization()V+0
j  org.slf4j.LoggerFactory.getILoggerFactory()Lorg/slf4j/ILoggerFactory;+22
j  org.slf4j.LoggerFactory.getLogger(Ljava/lang/String;)Lorg/slf4j/Logger;+0
j  org.apache.commons.logging.LogAdapter$Slf4jAdapter.createLocationAwareLog(Ljava/lang/String;)Lorg/apache/commons/logging/Log;+1
j  org.apache.commons.logging.LogAdapter.createLog(Ljava/lang/String;)Lorg/apache/commons/logging/Log;+42
j  org.apache.commons.logging.LogFactory.getLog(Ljava/lang/String;)Lorg/apache/commons/logging/Log;+1
j  org.apache.commons.logging.LogFactory.getLog(Ljava/lang/Class;)Lorg/apache/commons/logging/Log;+4
j  org.springframework.boot.SpringApplication.<clinit>()V+2
v  ~StubRoutines::call_stub
j  com.akash.ConfigServer.ConfigServerApplication.main([Ljava/lang/String;)V+3
v  ~StubRoutines::call_stub

---------------  P R O C E S S  ---------------

Threads class SMR info:
_java_thread_list=0x0000024e97831ee0, length=13, elements={
0x0000024ef8a9c180, 0x0000024effab99d0, 0x0000024effaba690, 0x0000024effaca0e0,
0x0000024effacba00, 0x0000024effacc310, 0x0000024effaccc20, 0x0000024effacd530,
0x0000024effae7660, 0x0000024effb6e920, 0x0000024e973216c0, 0x0000024e97321be0,
0x0000024e97822750
}

Java Threads: ( => current thread )
=>0x0000024ef8a9c180 JavaThread "main" [_thread_in_vm, id=15036, stack(0x0000009adcf00000,0x0000009add000000)]
  0x0000024effab99d0 JavaThread "Reference Handler" daemon [_thread_blocked, id=19952, stack(0x0000009add600000,0x0000009add700000)]
  0x0000024effaba690 JavaThread "Finalizer" daemon [_thread_blocked, id=1016, stack(0x0000009add700000,0x0000009add800000)]
  0x0000024effaca0e0 JavaThread "Signal Dispatcher" daemon [_thread_blocked, id=10752, stack(0x0000009add800000,0x0000009add900000)]
  0x0000024effacba00 JavaThread "Attach Listener" daemon [_thread_in_vm, id=8416, stack(0x0000009add900000,0x0000009adda00000)]
  0x0000024effacc310 JavaThread "Service Thread" daemon [_thread_blocked, id=6836, stack(0x0000009adda00000,0x0000009addb00000)]
  0x0000024effaccc20 JavaThread "Monitor Deflation Thread" daemon [_thread_blocked, id=6388, stack(0x0000009addb00000,0x0000009addc00000)]
  0x0000024effacd530 JavaThread "C1 CompilerThread0" daemon [_thread_blocked, id=15548, stack(0x0000009addc00000,0x0000009addd00000)]
  0x0000024effae7660 JavaThread "Sweeper thread" daemon [_thread_blocked, id=6384, stack(0x0000009addd00000,0x0000009adde00000)]
  0x0000024effb6e920 JavaThread "Common-Cleaner" daemon [_thread_blocked, id=19944, stack(0x0000009adde00000,0x0000009addf00000)]
  0x0000024e973216c0 JavaThread "Monitor Ctrl-Break" daemon [_thread_in_native, id=15320, stack(0x0000009addf00000,0x0000009ade000000)]
  0x0000024e97321be0 JavaThread "Notification Thread" daemon [_thread_blocked, id=19668, stack(0x0000009ade000000,0x0000009ade100000)]
  0x0000024e97822750 JavaThread "RMI TCP Accept-0" daemon [_thread_in_native, id=8704, stack(0x0000009ade400000,0x0000009ade500000)]

Other Threads:
  0x0000024effab7e90 VMThread "VM Thread" [stack: 0x0000009add500000,0x0000009add600000] [id=3024]
  0x0000024e97833180 WatcherThread [stack: 0x0000009ade500000,0x0000009ade600000] [id=6904]
  0x0000024ef8adb530 GCTaskThread "GC Thread#0" [stack: 0x0000009add000000,0x0000009add100000] [id=16728]
  0x0000024e977cafa0 GCTaskThread "GC Thread#1" [stack: 0x0000009ade100000,0x0000009ade200000] [id=3688]
  0x0000024e977cb2b0 GCTaskThread "GC Thread#2" [stack: 0x0000009ade200000,0x0000009ade300000] [id=5972]
  0x0000024e977db4e0 GCTaskThread "GC Thread#3" [stack: 0x0000009ade300000,0x0000009ade400000] [id=16756]
  0x0000024ef8aed820 ConcurrentGCThread "G1 Main Marker" [stack: 0x0000009add100000,0x0000009add200000] [id=11984]
  0x0000024ef8aee190 ConcurrentGCThread "G1 Conc#0" [stack: 0x0000009add200000,0x0000009add300000] [id=3332]
  0x0000024ef8b67460 ConcurrentGCThread "G1 Refine#0" [stack: 0x0000009add300000,0x0000009add400000] [id=7784]
  0x0000024ef8b67de0 ConcurrentGCThread "G1 Service" [stack: 0x0000009add400000,0x0000009add500000] [id=13536]

Threads with active compile tasks:

VM state: not at safepoint (normal execution)

VM Mutex/Monitor currently owned by a thread:  ([mutex/lock_event])
[0x0000024ef8a96eb0] MetaspaceExpand_lock - owner thread: 0x0000024ef8a9c180

Heap address: 0x0000000082000000, size: 2016 MB, Compressed Oops mode: 32-bit

CDS archive(s) mapped at: [0x0000000800000000-0x0000000800bb0000-0x0000000800bb0000), size 12255232, SharedBaseAddress: 0x0000000800000000, ArchiveRelocationMode: 0.
Compressed class space mapped at: 0x0000000800c00000-0x0000000840c00000, reserved size: 1073741824
Narrow klass base: 0x0000000800000000, Narrow klass shift: 3, Narrow klass range: 0x100000000

GC Precious Log:
 CPUs: 4 total, 4 available
 Memory: 8058M
 Large Page Support: Disabled
 NUMA Support: Disabled
 Compressed Oops: Enabled (32-bit)
 Heap Region Size: 1M
 Heap Min Capacity: 8M
 Heap Initial Capacity: 126M
 Heap Max Capacity: 2016M
 Pre-touch: Disabled
 Parallel Workers: 4
 Concurrent Workers: 1
 Concurrent Refinement Workers: 4
 Periodic GC: Disabled

Heap:
 garbage-first heap   total 129024K, used 7536K [0x0000000082000000, 0x0000000100000000)
  region size 1024K, 6 young (6144K), 2 survivors (2048K)
 Metaspace       used 4809K, committed 4992K, reserved 1056768K
  class space    used 543K, committed 640K, reserved 1048576K

Heap Regions: E=young(eden), S=young(survivor), O=old, HS=humongous(starts), HC=humongous(continues), CS=collection set, F=free, OA=open archive, CA=closed archive, TAMS=top-at-mark-start (previous, next)
|   0|0x0000000082000000, 0x0000000082000000, 0x0000000082100000|  0%| F|  |TAMS 0x0000000082000000, 0x0000000082000000| Untracked 
|   1|0x0000000082100000, 0x0000000082200000, 0x0000000082200000|100%| O|  |TAMS 0x0000000082100000, 0x0000000082100000| Untracked 
|   2|0x0000000082200000, 0x0000000082300000, 0x0000000082300000|100%| O|  |TAMS 0x0000000082200000, 0x0000000082200000| Untracked 
|   3|0x0000000082300000, 0x000000008235c200, 0x0000000082400000| 35%| O|  |TAMS 0x0000000082300000, 0x0000000082300000| Untracked 
|   4|0x0000000082400000, 0x0000000082400000, 0x0000000082500000|  0%| F|  |TAMS 0x0000000082400000, 0x0000000082400000| Untracked 
|   5|0x0000000082500000, 0x0000000082500000, 0x0000000082600000|  0%| F|  |TAMS 0x0000000082500000, 0x0000000082500000| Untracked 
|   6|0x0000000082600000, 0x0000000082600000, 0x0000000082700000|  0%| F|  |TAMS 0x0000000082600000, 0x0000000082600000| Untracked 
|   7|0x0000000082700000, 0x0000000082700000, 0x0000000082800000|  0%| F|  |TAMS 0x0000000082700000, 0x0000000082700000| Untracked 
|   8|0x0000000082800000, 0x0000000082800000, 0x0000000082900000|  0%| F|  |TAMS 0x0000000082800000, 0x0000000082800000| Untracked 
|   9|0x0000000082900000, 0x0000000082900000, 0x0000000082a00000|  0%| F|  |TAMS 0x0000000082900000, 0x0000000082900000| Untracked 
|  10|0x0000000082a00000, 0x0000000082a00000, 0x0000000082b00000|  0%| F|  |TAMS 0x0000000082a00000, 0x0000000082a00000| Untracked 
|  11|0x0000000082b00000, 0x0000000082b00000, 0x0000000082c00000|  0%| F|  |TAMS 0x0000000082b00000, 0x0000000082b00000| Untracked 
|  12|0x0000000082c00000, 0x0000000082c00000, 0x0000000082d00000|  0%| F|  |TAMS 0x0000000082c00000, 0x0000000082c00000| Untracked 
|  13|0x0000000082d00000, 0x0000000082d00000, 0x0000000082e00000|  0%| F|  |TAMS 0x0000000082d00000, 0x0000000082d00000| Untracked 
|  14|0x0000000082e00000, 0x0000000082e00000, 0x0000000082f00000|  0%| F|  |TAMS 0x0000000082e00000, 0x0000000082e00000| Untracked 
|  15|0x0000000082f00000, 0x0000000082f00000, 0x0000000083000000|  0%| F|  |TAMS 0x0000000082f00000, 0x0000000082f00000| Untracked 
|  16|0x0000000083000000, 0x0000000083000000, 0x0000000083100000|  0%| F|  |TAMS 0x0000000083000000, 0x0000000083000000| Untracked 
|  17|0x0000000083100000, 0x0000000083100000, 0x0000000083200000|  0%| F|  |TAMS 0x0000000083100000, 0x0000000083100000| Untracked 
|  18|0x0000000083200000, 0x0000000083200000, 0x0000000083300000|  0%| F|  |TAMS 0x0000000083200000, 0x0000000083200000| Untracked 
|  19|0x0000000083300000, 0x0000000083300000, 0x0000000083400000|  0%| F|  |TAMS 0x0000000083300000, 0x0000000083300000| Untracked 
|  20|0x0000000083400000, 0x0000000083400000, 0x0000000083500000|  0%| F|  |TAMS 0x0000000083400000, 0x0000000083400000| Untracked 
|  21|0x0000000083500000, 0x0000000083500000, 0x0000000083600000|  0%| F|  |TAMS 0x0000000083500000, 0x0000000083500000| Untracked 
|  22|0x0000000083600000, 0x0000000083600000, 0x0000000083700000|  0%| F|  |TAMS 0x0000000083600000, 0x0000000083600000| Untracked 
|  23|0x0000000083700000, 0x0000000083700000, 0x0000000083800000|  0%| F|  |TAMS 0x0000000083700000, 0x0000000083700000| Untracked 
|  24|0x0000000083800000, 0x0000000083800000, 0x0000000083900000|  0%| F|  |TAMS 0x0000000083800000, 0x0000000083800000| Untracked 
|  25|0x0000000083900000, 0x0000000083900000, 0x0000000083a00000|  0%| F|  |TAMS 0x0000000083900000, 0x0000000083900000| Untracked 
|  26|0x0000000083a00000, 0x0000000083a00000, 0x0000000083b00000|  0%| F|  |TAMS 0x0000000083a00000, 0x0000000083a00000| Untracked 
|  27|0x0000000083b00000, 0x0000000083b00000, 0x0000000083c00000|  0%| F|  |TAMS 0x0000000083b00000, 0x0000000083b00000| Untracked 
|  28|0x0000000083c00000, 0x0000000083c00000, 0x0000000083d00000|  0%| F|  |TAMS 0x0000000083c00000, 0x0000000083c00000| Untracked 
|  29|0x0000000083d00000, 0x0000000083d00000, 0x0000000083e00000|  0%| F|  |TAMS 0x0000000083d00000, 0x0000000083d00000| Untracked 
|  30|0x0000000083e00000, 0x0000000083e00000, 0x0000000083f00000|  0%| F|  |TAMS 0x0000000083e00000, 0x0000000083e00000| Untracked 
|  31|0x0000000083f00000, 0x0000000083f00000, 0x0000000084000000|  0%| F|  |TAMS 0x0000000083f00000, 0x0000000083f00000| Untracked 
|  32|0x0000000084000000, 0x0000000084000000, 0x0000000084100000|  0%| F|  |TAMS 0x0000000084000000, 0x0000000084000000| Untracked 
|  33|0x0000000084100000, 0x0000000084100000, 0x0000000084200000|  0%| F|  |TAMS 0x0000000084100000, 0x0000000084100000| Untracked 
|  34|0x0000000084200000, 0x0000000084200000, 0x0000000084300000|  0%| F|  |TAMS 0x0000000084200000, 0x0000000084200000| Untracked 
|  35|0x0000000084300000, 0x0000000084300000, 0x0000000084400000|  0%| F|  |TAMS 0x0000000084300000, 0x0000000084300000| Untracked 
|  36|0x0000000084400000, 0x0000000084400000, 0x0000000084500000|  0%| F|  |TAMS 0x0000000084400000, 0x0000000084400000| Untracked 
|  37|0x0000000084500000, 0x0000000084500000, 0x0000000084600000|  0%| F|  |TAMS 0x0000000084500000, 0x0000000084500000| Untracked 
|  38|0x0000000084600000, 0x0000000084600000, 0x0000000084700000|  0%| F|  |TAMS 0x0000000084600000, 0x0000000084600000| Untracked 
|  39|0x0000000084700000, 0x0000000084700000, 0x0000000084800000|  0%| F|  |TAMS 0x0000000084700000, 0x0000000084700000| Untracked 
|  40|0x0000000084800000, 0x0000000084800000, 0x0000000084900000|  0%| F|  |TAMS 0x0000000084800000, 0x0000000084800000| Untracked 
|  41|0x0000000084900000, 0x0000000084900000, 0x0000000084a00000|  0%| F|  |TAMS 0x0000000084900000, 0x0000000084900000| Untracked 
|  42|0x0000000084a00000, 0x0000000084a00000, 0x0000000084b00000|  0%| F|  |TAMS 0x0000000084a00000, 0x0000000084a00000| Untracked 
|  43|0x0000000084b00000, 0x0000000084b00000, 0x0000000084c00000|  0%| F|  |TAMS 0x0000000084b00000, 0x0000000084b00000| Untracked 
|  44|0x0000000084c00000, 0x0000000084c00000, 0x0000000084d00000|  0%| F|  |TAMS 0x0000000084c00000, 0x0000000084c00000| Untracked 
|  45|0x0000000084d00000, 0x0000000084d00000, 0x0000000084e00000|  0%| F|  |TAMS 0x0000000084d00000, 0x0000000084d00000| Untracked 
|  46|0x0000000084e00000, 0x0000000084e00000, 0x0000000084f00000|  0%| F|  |TAMS 0x0000000084e00000, 0x0000000084e00000| Untracked 
|  47|0x0000000084f00000, 0x0000000084f00000, 0x0000000085000000|  0%| F|  |TAMS 0x0000000084f00000, 0x0000000084f00000| Untracked 
|  48|0x0000000085000000, 0x0000000085000000, 0x0000000085100000|  0%| F|  |TAMS 0x0000000085000000, 0x0000000085000000| Untracked 
|  49|0x0000000085100000, 0x0000000085100000, 0x0000000085200000|  0%| F|  |TAMS 0x0000000085100000, 0x0000000085100000| Untracked 
|  50|0x0000000085200000, 0x0000000085200000, 0x0000000085300000|  0%| F|  |TAMS 0x0000000085200000, 0x0000000085200000| Untracked 
|  51|0x0000000085300000, 0x0000000085300000, 0x0000000085400000|  0%| F|  |TAMS 0x0000000085300000, 0x0000000085300000| Untracked 
|  52|0x0000000085400000, 0x0000000085400000, 0x0000000085500000|  0%| F|  |TAMS 0x0000000085400000, 0x0000000085400000| Untracked 
|  53|0x0000000085500000, 0x0000000085500000, 0x0000000085600000|  0%| F|  |TAMS 0x0000000085500000, 0x0000000085500000| Untracked 
|  54|0x0000000085600000, 0x0000000085600000, 0x0000000085700000|  0%| F|  |TAMS 0x0000000085600000, 0x0000000085600000| Untracked 
|  55|0x0000000085700000, 0x0000000085700000, 0x0000000085800000|  0%| F|  |TAMS 0x0000000085700000, 0x0000000085700000| Untracked 
|  56|0x0000000085800000, 0x0000000085800000, 0x0000000085900000|  0%| F|  |TAMS 0x0000000085800000, 0x0000000085800000| Untracked 
|  57|0x0000000085900000, 0x0000000085900000, 0x0000000085a00000|  0%| F|  |TAMS 0x0000000085900000, 0x0000000085900000| Untracked 
|  58|0x0000000085a00000, 0x0000000085a00000, 0x0000000085b00000|  0%| F|  |TAMS 0x0000000085a00000, 0x0000000085a00000| Untracked 
|  59|0x0000000085b00000, 0x0000000085b00000, 0x0000000085c00000|  0%| F|  |TAMS 0x0000000085b00000, 0x0000000085b00000| Untracked 
|  60|0x0000000085c00000, 0x0000000085c00000, 0x0000000085d00000|  0%| F|  |TAMS 0x0000000085c00000, 0x0000000085c00000| Untracked 
|  61|0x0000000085d00000, 0x0000000085d00000, 0x0000000085e00000|  0%| F|  |TAMS 0x0000000085d00000, 0x0000000085d00000| Untracked 
|  62|0x0000000085e00000, 0x0000000085e00000, 0x0000000085f00000|  0%| F|  |TAMS 0x0000000085e00000, 0x0000000085e00000| Untracked 
|  63|0x0000000085f00000, 0x0000000085f00000, 0x0000000086000000|  0%| F|  |TAMS 0x0000000085f00000, 0x0000000085f00000| Untracked 
|  64|0x0000000086000000, 0x0000000086000000, 0x0000000086100000|  0%| F|  |TAMS 0x0000000086000000, 0x0000000086000000| Untracked 
|  65|0x0000000086100000, 0x0000000086100000, 0x0000000086200000|  0%| F|  |TAMS 0x0000000086100000, 0x0000000086100000| Untracked 
|  66|0x0000000086200000, 0x0000000086200000, 0x0000000086300000|  0%| F|  |TAMS 0x0000000086200000, 0x0000000086200000| Untracked 
|  67|0x0000000086300000, 0x0000000086300000, 0x0000000086400000|  0%| F|  |TAMS 0x0000000086300000, 0x0000000086300000| Untracked 
|  68|0x0000000086400000, 0x0000000086400000, 0x0000000086500000|  0%| F|  |TAMS 0x0000000086400000, 0x0000000086400000| Untracked 
|  69|0x0000000086500000, 0x0000000086500000, 0x0000000086600000|  0%| F|  |TAMS 0x0000000086500000, 0x0000000086500000| Untracked 
|  70|0x0000000086600000, 0x0000000086600000, 0x0000000086700000|  0%| F|  |TAMS 0x0000000086600000, 0x0000000086600000| Untracked 
|  71|0x0000000086700000, 0x0000000086700000, 0x0000000086800000|  0%| F|  |TAMS 0x0000000086700000, 0x0000000086700000| Untracked 
|  72|0x0000000086800000, 0x0000000086800000, 0x0000000086900000|  0%| F|  |TAMS 0x0000000086800000, 0x0000000086800000| Untracked 
|  73|0x0000000086900000, 0x0000000086900000, 0x0000000086a00000|  0%| F|  |TAMS 0x0000000086900000, 0x0000000086900000| Untracked 
|  74|0x0000000086a00000, 0x0000000086a00000, 0x0000000086b00000|  0%| F|  |TAMS 0x0000000086a00000, 0x0000000086a00000| Untracked 
|  75|0x0000000086b00000, 0x0000000086b00000, 0x0000000086c00000|  0%| F|  |TAMS 0x0000000086b00000, 0x0000000086b00000| Untracked 
|  76|0x0000000086c00000, 0x0000000086c00000, 0x0000000086d00000|  0%| F|  |TAMS 0x0000000086c00000, 0x0000000086c00000| Untracked 
|  77|0x0000000086d00000, 0x0000000086d00000, 0x0000000086e00000|  0%| F|  |TAMS 0x0000000086d00000, 0x0000000086d00000| Untracked 
|  78|0x0000000086e00000, 0x0000000086e00000, 0x0000000086f00000|  0%| F|  |TAMS 0x0000000086e00000, 0x0000000086e00000| Untracked 
|  79|0x0000000086f00000, 0x0000000086f00000, 0x0000000087000000|  0%| F|  |TAMS 0x0000000086f00000, 0x0000000086f00000| Untracked 
|  80|0x0000000087000000, 0x0000000087000000, 0x0000000087100000|  0%| F|  |TAMS 0x0000000087000000, 0x0000000087000000| Untracked 
|  81|0x0000000087100000, 0x0000000087100000, 0x0000000087200000|  0%| F|  |TAMS 0x0000000087100000, 0x0000000087100000| Untracked 
|  82|0x0000000087200000, 0x0000000087200000, 0x0000000087300000|  0%| F|  |TAMS 0x0000000087200000, 0x0000000087200000| Untracked 
|  83|0x0000000087300000, 0x0000000087300000, 0x0000000087400000|  0%| F|  |TAMS 0x0000000087300000, 0x0000000087300000| Untracked 
|  84|0x0000000087400000, 0x0000000087400000, 0x0000000087500000|  0%| F|  |TAMS 0x0000000087400000, 0x0000000087400000| Untracked 
|  85|0x0000000087500000, 0x0000000087500000, 0x0000000087600000|  0%| F|  |TAMS 0x0000000087500000, 0x0000000087500000| Untracked 
|  86|0x0000000087600000, 0x0000000087600000, 0x0000000087700000|  0%| F|  |TAMS 0x0000000087600000, 0x0000000087600000| Untracked 
|  87|0x0000000087700000, 0x0000000087700000, 0x0000000087800000|  0%| F|  |TAMS 0x0000000087700000, 0x0000000087700000| Untracked 
|  88|0x0000000087800000, 0x0000000087800000, 0x0000000087900000|  0%| F|  |TAMS 0x0000000087800000, 0x0000000087800000| Untracked 
|  89|0x0000000087900000, 0x0000000087900000, 0x0000000087a00000|  0%| F|  |TAMS 0x0000000087900000, 0x0000000087900000| Untracked 
|  90|0x0000000087a00000, 0x0000000087a00000, 0x0000000087b00000|  0%| F|  |TAMS 0x0000000087a00000, 0x0000000087a00000| Untracked 
|  91|0x0000000087b00000, 0x0000000087b00000, 0x0000000087c00000|  0%| F|  |TAMS 0x0000000087b00000, 0x0000000087b00000| Untracked 
|  92|0x0000000087c00000, 0x0000000087c00000, 0x0000000087d00000|  0%| F|  |TAMS 0x0000000087c00000, 0x0000000087c00000| Untracked 
|  93|0x0000000087d00000, 0x0000000087d00000, 0x0000000087e00000|  0%| F|  |TAMS 0x0000000087d00000, 0x0000000087d00000| Untracked 
|  94|0x0000000087e00000, 0x0000000087e00000, 0x0000000087f00000|  0%| F|  |TAMS 0x0000000087e00000, 0x0000000087e00000| Untracked 
|  95|0x0000000087f00000, 0x0000000087f00000, 0x0000000088000000|  0%| F|  |TAMS 0x0000000087f00000, 0x0000000087f00000| Untracked 
|  96|0x0000000088000000, 0x0000000088000000, 0x0000000088100000|  0%| F|  |TAMS 0x0000000088000000, 0x0000000088000000| Untracked 
|  97|0x0000000088100000, 0x0000000088100000, 0x0000000088200000|  0%| F|  |TAMS 0x0000000088100000, 0x0000000088100000| Untracked 
|  98|0x0000000088200000, 0x0000000088200000, 0x0000000088300000|  0%| F|  |TAMS 0x0000000088200000, 0x0000000088200000| Untracked 
|  99|0x0000000088300000, 0x0000000088300000, 0x0000000088400000|  0%| F|  |TAMS 0x0000000088300000, 0x0000000088300000| Untracked 
| 100|0x0000000088400000, 0x0000000088400000, 0x0000000088500000|  0%| F|  |TAMS 0x0000000088400000, 0x0000000088400000| Untracked 
| 101|0x0000000088500000, 0x0000000088500000, 0x0000000088600000|  0%| F|  |TAMS 0x0000000088500000, 0x0000000088500000| Untracked 
| 102|0x0000000088600000, 0x0000000088600000, 0x0000000088700000|  0%| F|  |TAMS 0x0000000088600000, 0x0000000088600000| Untracked 
| 103|0x0000000088700000, 0x0000000088700000, 0x0000000088800000|  0%| F|  |TAMS 0x0000000088700000, 0x0000000088700000| Untracked 
| 104|0x0000000088800000, 0x0000000088800000, 0x0000000088900000|  0%| F|  |TAMS 0x0000000088800000, 0x0000000088800000| Untracked 
| 105|0x0000000088900000, 0x0000000088900000, 0x0000000088a00000|  0%| F|  |TAMS 0x0000000088900000, 0x0000000088900000| Untracked 
| 106|0x0000000088a00000, 0x0000000088a00000, 0x0000000088b00000|  0%| F|  |TAMS 0x0000000088a00000, 0x0000000088a00000| Untracked 
| 107|0x0000000088b00000, 0x0000000088b00000, 0x0000000088c00000|  0%| F|  |TAMS 0x0000000088b00000, 0x0000000088b00000| Untracked 
| 108|0x0000000088c00000, 0x0000000088c00000, 0x0000000088d00000|  0%| F|  |TAMS 0x0000000088c00000, 0x0000000088c00000| Untracked 
| 109|0x0000000088d00000, 0x0000000088d00000, 0x0000000088e00000|  0%| F|  |TAMS 0x0000000088d00000, 0x0000000088d00000| Untracked 
| 110|0x0000000088e00000, 0x0000000088e00000, 0x0000000088f00000|  0%| F|  |TAMS 0x0000000088e00000, 0x0000000088e00000| Untracked 
| 111|0x0000000088f00000, 0x0000000089000000, 0x0000000089000000|100%| S|CS|TAMS 0x0000000088f00000, 0x0000000088f00000| Complete 
| 112|0x0000000089000000, 0x0000000089100000, 0x0000000089100000|100%| S|CS|TAMS 0x0000000089000000, 0x0000000089000000| Complete 
| 113|0x0000000089100000, 0x0000000089100000, 0x0000000089200000|  0%| F|  |TAMS 0x0000000089100000, 0x0000000089100000| Untracked 
| 114|0x0000000089200000, 0x0000000089200000, 0x0000000089300000|  0%| F|  |TAMS 0x0000000089200000, 0x0000000089200000| Untracked 
| 115|0x0000000089300000, 0x0000000089300000, 0x0000000089400000|  0%| F|  |TAMS 0x0000000089300000, 0x0000000089300000| Untracked 
| 116|0x0000000089400000, 0x0000000089400000, 0x0000000089500000|  0%| F|  |TAMS 0x0000000089400000, 0x0000000089400000| Untracked 
| 117|0x0000000089500000, 0x0000000089500000, 0x0000000089600000|  0%| F|  |TAMS 0x0000000089500000, 0x0000000089500000| Untracked 
| 118|0x0000000089600000, 0x0000000089600000, 0x0000000089700000|  0%| F|  |TAMS 0x0000000089600000, 0x0000000089600000| Untracked 
| 119|0x0000000089700000, 0x0000000089700000, 0x0000000089800000|  0%| F|  |TAMS 0x0000000089700000, 0x0000000089700000| Untracked 
| 120|0x0000000089800000, 0x0000000089800000, 0x0000000089900000|  0%| F|  |TAMS 0x0000000089800000, 0x0000000089800000| Untracked 
| 121|0x0000000089900000, 0x0000000089900000, 0x0000000089a00000|  0%| F|  |TAMS 0x0000000089900000, 0x0000000089900000| Untracked 
| 122|0x0000000089a00000, 0x0000000089a42f50, 0x0000000089b00000| 26%| E|  |TAMS 0x0000000089a00000, 0x0000000089a00000| Complete 
| 123|0x0000000089b00000, 0x0000000089c00000, 0x0000000089c00000|100%| E|CS|TAMS 0x0000000089b00000, 0x0000000089b00000| Complete 
| 124|0x0000000089c00000, 0x0000000089d00000, 0x0000000089d00000|100%| E|CS|TAMS 0x0000000089c00000, 0x0000000089c00000| Complete 
| 125|0x0000000089d00000, 0x0000000089e00000, 0x0000000089e00000|100%| E|CS|TAMS 0x0000000089d00000, 0x0000000089d00000| Complete 

Card table byte_map: [0x0000024ef8f60000,0x0000024ef9350000] _byte_map_base: 0x0000024ef8b50000

Marking Bits (Prev, Next): (CMBitMap*) 0x0000024ef8adcab0, (CMBitMap*) 0x0000024ef8adcaf0
 Prev Bits: [0x0000024ef9740000, 0x0000024efb6c0000)
 Next Bits: [0x0000024efb6c0000, 0x0000024efd640000)

Polling page: 0x0000024ef6920000

Metaspace:

Usage:
  Non-class:      4.17 MB used.
      Class:    543.97 KB used.
       Both:      4.70 MB used.

Virtual space:
  Non-class space:        8.00 MB reserved,       4.25 MB ( 53%) committed,  1 nodes.
      Class space:        1.00 GB reserved,     640.00 KB ( <1%) committed,  1 nodes.
              Both:        1.01 GB reserved,       4.88 MB ( <1%) committed. 

Chunk freelists:
   Non-Class:  3.55 MB
       Class:  3.22 MB
        Both:  6.77 MB

MaxMetaspaceSize: 17179869184.00 GB
CompressedClassSpaceSize: 1.00 GB
 - commit_granule_bytes: 65536.
 - commit_granule_words: 8192.
 - virtual_space_node_default_size: 1048576.
 - enlarge_chunks_in_place: 1.
 - new_chunks_are_fully_committed: 0.
 - uncommit_free_chunks: 1.
 - use_allocation_guard: 0.
 - handle_deallocations: 1.


Internal statistics:

num_allocs_failed_limit: 0.
num_arena_births: 90.
num_arena_deaths: 0.
num_vsnodes_births: 2.
num_vsnodes_deaths: 0.
num_space_committed: 78.
num_space_uncommitted: 0.
num_chunks_returned_to_freelist: 0.
num_chunks_taken_from_freelist: 121.
num_chunk_merges: 0.
num_chunk_splits: 82.
num_chunks_enlarged: 54.
num_purges: 0.

CodeHeap 'non-profiled nmethods': size=238912Kb used=1119Kb max_used=1119Kb free=237792Kb
 bounds [0x0000024e87d50000, 0x0000024e87fc0000, 0x0000024e966a0000]
CodeHeap 'non-nmethods': size=6848Kb used=1162Kb max_used=1162Kb free=5685Kb
 bounds [0x0000024e876a0000, 0x0000024e87910000, 0x0000024e87d50000]
 total_blobs=1300 nmethods=846 adapters=382
 compilation: enabled
              stopped_count=0, restarted_count=0
 full_count=0

Compilation events (20 events):
Event: 0.733 Thread 0x0000024effacd530  836       1       sun.security.provider.PolicyParser::match (788 bytes)
Event: 0.735 Thread 0x0000024effacd530 nmethod 836 0x0000024e87e62290 code [0x0000024e87e627e0, 0x0000024e87e63fc8]
Event: 0.735 Thread 0x0000024effacd530  837       1       java.lang.String::copyValueOf (11 bytes)
Event: 0.735 Thread 0x0000024effacd530 nmethod 837 0x0000024e87e65490 code [0x0000024e87e65640, 0x0000024e87e657d8]
Event: 0.735 Thread 0x0000024effacd530  838       1       java.lang.String::indexOf (18 bytes)
Event: 0.736 Thread 0x0000024effacd530 nmethod 838 0x0000024e87e65910 code [0x0000024e87e65ac0, 0x0000024e87e65bc8]
Event: 0.736 Thread 0x0000024effacd530  839       1       java.lang.String::indexOf (113 bytes)
Event: 0.736 Thread 0x0000024effacd530 nmethod 839 0x0000024e87e65c90 code [0x0000024e87e65ea0, 0x0000024e87e662a8]
Event: 0.736 Thread 0x0000024effacd530  841       1       java.lang.String::indexOf (64 bytes)
Event: 0.737 Thread 0x0000024effacd530 nmethod 841 0x0000024e87e66510 code [0x0000024e87e666e0, 0x0000024e87e66988]
Event: 0.737 Thread 0x0000024effacd530  842       1       java.lang.StringLatin1::indexOf (25 bytes)
Event: 0.737 Thread 0x0000024effacd530 nmethod 842 0x0000024e87e66b90 code [0x0000024e87e66d40, 0x0000024e87e66e88]
Event: 0.737 Thread 0x0000024effacd530  843       1       java.net.URLStreamHandler::getDefaultPort (2 bytes)
Event: 0.737 Thread 0x0000024effacd530 nmethod 843 0x0000024e87e66f90 code [0x0000024e87e67120, 0x0000024e87e671f8]
Event: 0.738 Thread 0x0000024effacd530  844       1       java.lang.Class::forName (47 bytes)
Event: 0.738 Thread 0x0000024effacd530 nmethod 844 0x0000024e87e67290 code [0x0000024e87e67460, 0x0000024e87e67628]
Event: 0.738 Thread 0x0000024effacd530  845       1       java.net.URI::match (56 bytes)
Event: 0.739 Thread 0x0000024effacd530 nmethod 845 0x0000024e87e67790 code [0x0000024e87e67940, 0x0000024e87e67af8]
Event: 0.741 Thread 0x0000024effacd530  846       1       java.lang.StringBuilder::<init> (6 bytes)
Event: 0.741 Thread 0x0000024effacd530 nmethod 846 0x0000024e87e67b90 code [0x0000024e87e67d20, 0x0000024e87e67e08]

GC Heap History (2 events):
Event: 0.527 GC heap before
{Heap before GC invocations=0 (full 0):
 garbage-first heap   total 129024K, used 13312K [0x0000000082000000, 0x0000000100000000)
  region size 1024K, 13 young (13312K), 0 survivors (0K)
 Metaspace       used 2754K, committed 2944K, reserved 1056768K
  class space    used 319K, committed 384K, reserved 1048576K
}
Event: 0.533 GC heap after
{Heap after GC invocations=1 (full 0):
 garbage-first heap   total 129024K, used 4464K [0x0000000082000000, 0x0000000100000000)
  region size 1024K, 2 young (2048K), 2 survivors (2048K)
 Metaspace       used 2754K, committed 2944K, reserved 1056768K
  class space    used 319K, committed 384K, reserved 1048576K
}

Deoptimization events (0 events):
No events

Classes unloaded (0 events):
No events

Classes redefined (0 events):
No events

Internal exceptions (16 events):
Event: 0.352 Thread 0x0000024ef8a9c180 Exception <a 'java/lang/NoSuchMethodError'{0x00000000893a8058}: 'void java.lang.invoke.DirectMethodHandle$Holder.invokeSpecial(java.lang.Object, java.lang.Object, java.lang.Object)'> (0x00000000893a8058) 
thrown [t:\workspace\open\src\hotspot\share\interpreter\linkResolver.cpp, line 790]
Event: 0.360 Thread 0x0000024e973216c0 Exception <a 'java/lang/NoSuchMethodError'{0x00000000893d9d70}: 'java.lang.Object java.lang.invoke.DirectMethodHandle$Holder.invokeStatic(java.lang.Object)'> (0x00000000893d9d70) 
thrown [t:\workspace\open\src\hotspot\share\interpreter\linkResolver.cpp, line 790]
Event: 0.360 Thread 0x0000024e973216c0 Exception <a 'java/lang/NoSuchMethodError'{0x00000000893dd4c0}: 'java.lang.Object java.lang.invoke.DirectMethodHandle$Holder.invokeStaticInit(java.lang.Object)'> (0x00000000893dd4c0) 
thrown [t:\workspace\open\src\hotspot\share\interpreter\linkResolver.cpp, line 790]
Event: 0.370 Thread 0x0000024e973216c0 Exception <a 'java/lang/NoSuchMethodError'{0x00000000893ea968}: 'void java.lang.invoke.DirectMethodHandle$Holder.invokeStatic(java.lang.Object, java.lang.Object)'> (0x00000000893ea968) 
thrown [t:\workspace\open\src\hotspot\share\interpreter\linkResolver.cpp, line 790]
Event: 0.420 Thread 0x0000024ef8a9c180 Exception <a 'java/lang/NoSuchMethodError'{0x000000008921e178}: 'java.lang.Object java.lang.invoke.DirectMethodHandle$Holder.invokeInterface(java.lang.Object, java.lang.Object)'> (0x000000008921e178) 
thrown [t:\workspace\open\src\hotspot\share\interpreter\linkResolver.cpp, line 790]
Event: 0.421 Thread 0x0000024ef8a9c180 Exception <a 'java/lang/NoSuchMethodError'{0x0000000089226588}: 'java.lang.Object java.lang.invoke.DirectMethodHandle$Holder.invokeStaticInit(java.lang.Object, java.lang.Object, java.lang.Object)'> (0x0000000089226588) 
thrown [t:\workspace\open\src\hotspot\share\interpreter\linkResolver.cpp, line 790]
Event: 0.426 Thread 0x0000024ef8a9c180 Exception <a 'java/lang/NoSuchMethodError'{0x0000000089243b68}: 'int java.lang.invoke.DirectMethodHandle$Holder.invokeInterface(java.lang.Object, java.lang.Object)'> (0x0000000089243b68) 
thrown [t:\workspace\open\src\hotspot\share\interpreter\linkResolver.cpp, line 790]
Event: 0.427 Thread 0x0000024ef8a9c180 Exception <a 'java/lang/IncompatibleClassChangeError'{0x0000000089247360}: Found class java.lang.Object, but interface was expected> (0x0000000089247360) 
thrown [t:\workspace\open\src\hotspot\share\interpreter\linkResolver.cpp, line 857]
Event: 0.479 Thread 0x0000024ef8a9c180 Exception <a 'java/lang/NoSuchMethodError'{0x0000000089114b38}: 'int java.lang.invoke.DirectMethodHandle$Holder.invokeSpecial(java.lang.Object, java.lang.Object, java.lang.Object)'> (0x0000000089114b38) 
thrown [t:\workspace\open\src\hotspot\share\interpreter\linkResolver.cpp, line 790]
Event: 0.520 Thread 0x0000024ef8a9c180 Exception <a 'java/lang/NoSuchMethodError'{0x00000000891db5b8}: 'void java.lang.invoke.DirectMethodHandle$Holder.invokeStatic(java.lang.Object, java.lang.Object, java.lang.Object)'> (0x00000000891db5b8) 
thrown [t:\workspace\open\src\hotspot\share\interpreter\linkResolver.cpp, line 790]
Event: 0.541 Thread 0x0000024ef8a9c180 Exception <a 'java/lang/NoSuchMethodError'{0x0000000089d208e0}: 'int java.lang.invoke.DirectMethodHandle$Holder.invokeSpecialIFC(java.lang.Object, java.lang.Object, java.lang.Object)'> (0x0000000089d208e0) 
thrown [t:\workspace\open\src\hotspot\share\interpreter\linkResolver.cpp, line 790]
Event: 0.568 Thread 0x0000024ef8a9c180 Exception <a 'java/lang/NoSuchMethodError'{0x0000000089db8ee8}: 'java.lang.Object java.lang.invoke.DirectMethodHandle$Holder.invokeStaticInit(java.lang.Object, int, int, int, int)'> (0x0000000089db8ee8) 
thrown [t:\workspace\open\src\hotspot\share\interpreter\linkResolver.cpp, line 790]
Event: 0.637 Thread 0x0000024ef8a9c180 Exception <a 'java/lang/NoSuchMethodError'{0x0000000089c43638}: 'java.lang.Object java.lang.invoke.DirectMethodHandle$Holder.invokeStaticInit(java.lang.Object, java.lang.Object, int, int, int, int)'> (0x0000000089c43638) 
thrown [t:\workspace\open\src\hotspot\share\interpreter\linkResolver.cpp, line 790]
Event: 0.661 Thread 0x0000024ef8a9c180 Exception <a 'java/lang/ClassNotFoundException'{0x0000000089c61e40}: javax/management/remote/rmi/RMIServerImpl_Skel> (0x0000000089c61e40) 
thrown [t:\workspace\open\src\hotspot\share\classfile\systemDictionary.cpp, line 256]
Event: 0.735 Thread 0x0000024ef8a9c180 Exception <a 'java/lang/ClassNotFoundException'{0x0000000089a156b0}: javax/smartcardio/CardPermission> (0x0000000089a156b0) 
thrown [t:\workspace\open\src\hotspot\share\classfile\systemDictionary.cpp, line 256]
Event: 0.739 Thread 0x0000024ef8a9c180 Exception <a 'java/io/FileNotFoundException'{0x0000000089a23d68}> (0x0000000089a23d68) 
thrown [t:\workspace\open\src\hotspot\share\prims\jni.cpp, line 579]

Events (20 events):
Event: 0.739 loading class sun/security/provider/PolicyParser$ParsingException
Event: 0.739 loading class java/security/GeneralSecurityException
Event: 0.739 loading class java/security/GeneralSecurityException done
Event: 0.739 loading class sun/security/provider/PolicyParser$ParsingException done
Event: 0.739 loading class sun/security/provider/PolicyFile$6
Event: 0.739 loading class sun/security/provider/PolicyFile$6 done
Event: 0.741 loading class sun/security/provider/PolicyFile$8
Event: 0.741 loading class sun/security/provider/PolicyFile$8 done
Event: 0.741 loading class sun/security/provider/PolicyFile$SelfPermission
Event: 0.741 loading class sun/security/provider/PolicyFile$SelfPermission done
Event: 0.741 loading class java/util/PropertyPermissionCollection
Event: 0.741 loading class java/util/PropertyPermissionCollection done
Event: 0.741 loading class java/util/PropertyPermissionCollection$1
Event: 0.741 loading class java/util/PropertyPermissionCollection$1 done
Event: 0.742 loading class sun/net/www/protocol/file/FileURLConnection
Event: 0.742 loading class sun/net/www/URLConnection
Event: 0.742 loading class java/net/URLConnection
Event: 0.742 loading class java/net/URLConnection done
Event: 0.742 loading class sun/net/www/URLConnection done
Event: 0.742 loading class sun/net/www/protocol/file/FileURLConnection done


Dynamic libraries:
0x00007ff693670000 - 0x00007ff693680000 	C:\Program Files\Java\jdk-16.0.2\bin\java.exe
0x00007ffc87550000 - 0x00007ffc87745000 	C:\WINDOWS\SYSTEM32\ntdll.dll
0x00007ffc873b0000 - 0x00007ffc8746e000 	C:\WINDOWS\System32\KERNEL32.DLL
0x00007ffc84ec0000 - 0x00007ffc85188000 	C:\WINDOWS\System32\KERNELBASE.dll
0x00007ffc851c0000 - 0x00007ffc852c0000 	C:\WINDOWS\System32\ucrtbase.dll
0x00007ffc79ee0000 - 0x00007ffc79ef8000 	C:\Program Files\Java\jdk-16.0.2\bin\jli.dll
0x00007ffc79ec0000 - 0x00007ffc79ed9000 	C:\Program Files\Java\jdk-16.0.2\bin\VCRUNTIME140.dll
0x00007ffc867c0000 - 0x00007ffc8686c000 	C:\WINDOWS\System32\ADVAPI32.dll
0x00007ffc87470000 - 0x00007ffc8750e000 	C:\WINDOWS\System32\msvcrt.dll
0x00007ffc86010000 - 0x00007ffc860ab000 	C:\WINDOWS\System32\sechost.dll
0x00007ffc86f50000 - 0x00007ffc8707a000 	C:\WINDOWS\System32\RPCRT4.dll
0x00007ffc860b0000 - 0x00007ffc86251000 	C:\WINDOWS\System32\USER32.dll
0x00007ffc85190000 - 0x00007ffc851b2000 	C:\WINDOWS\System32\win32u.dll
0x00007ffc868f0000 - 0x00007ffc8691b000 	C:\WINDOWS\System32\GDI32.dll
0x00007ffc84db0000 - 0x00007ffc84ebb000 	C:\WINDOWS\System32\gdi32full.dll
0x00007ffc85310000 - 0x00007ffc853ad000 	C:\WINDOWS\System32\msvcp_win.dll
0x00007ffc74260000 - 0x00007ffc744fa000 	C:\WINDOWS\WinSxS\amd64_microsoft.windows.common-controls_6595b64144ccf1df_6.0.19041.1110_none_60b5254171f9507e\COMCTL32.dll
0x00007ffc77500000 - 0x00007ffc7750a000 	C:\WINDOWS\SYSTEM32\VERSION.dll
0x00007ffc86d00000 - 0x00007ffc86d30000 	C:\WINDOWS\System32\IMM32.DLL
0x00007ffc7d100000 - 0x00007ffc7d10c000 	C:\Program Files\Java\jdk-16.0.2\bin\vcruntime140_1.dll
0x00007ffc798a0000 - 0x00007ffc79931000 	C:\Program Files\Java\jdk-16.0.2\bin\msvcp140.dll
0x00007ffc456a0000 - 0x00007ffc4624b000 	C:\Program Files\Java\jdk-16.0.2\bin\server\jvm.dll
0x00007ffc86870000 - 0x00007ffc86878000 	C:\WINDOWS\System32\PSAPI.DLL
0x00007ffc72ac0000 - 0x00007ffc72ac9000 	C:\WINDOWS\SYSTEM32\WSOCK32.dll
0x00007ffc727f0000 - 0x00007ffc72817000 	C:\WINDOWS\SYSTEM32\WINMM.dll
0x00007ffc86880000 - 0x00007ffc868eb000 	C:\WINDOWS\System32\WS2_32.dll
0x00007ffc82d50000 - 0x00007ffc82d62000 	C:\WINDOWS\SYSTEM32\kernel.appcore.dll
0x00007ffc7c470000 - 0x00007ffc7c47a000 	C:\Program Files\Java\jdk-16.0.2\bin\jimage.dll
0x00007ffc82910000 - 0x00007ffc82af4000 	C:\WINDOWS\SYSTEM32\DBGHELP.DLL
0x00007ffc70600000 - 0x00007ffc7062c000 	C:\WINDOWS\SYSTEM32\dbgcore.DLL
0x00007ffc84c70000 - 0x00007ffc84cf3000 	C:\WINDOWS\System32\bcryptPrimitives.dll
0x00007ffc7a100000 - 0x00007ffc7a10e000 	C:\Program Files\Java\jdk-16.0.2\bin\instrument.dll
0x00007ffc79550000 - 0x00007ffc79575000 	C:\Program Files\Java\jdk-16.0.2\bin\java.dll
0x00007ffc858d0000 - 0x00007ffc8600f000 	C:\WINDOWS\System32\SHELL32.dll
0x00007ffc82d70000 - 0x00007ffc83500000 	C:\WINDOWS\SYSTEM32\windows.storage.dll
0x00007ffc86930000 - 0x00007ffc86c85000 	C:\WINDOWS\System32\combase.dll
0x00007ffc846c0000 - 0x00007ffc846ee000 	C:\WINDOWS\SYSTEM32\Wldp.dll
0x00007ffc86df0000 - 0x00007ffc86e9d000 	C:\WINDOWS\System32\SHCORE.dll
0x00007ffc872d0000 - 0x00007ffc87325000 	C:\WINDOWS\System32\shlwapi.dll
0x00007ffc84bb0000 - 0x00007ffc84bcf000 	C:\WINDOWS\SYSTEM32\profapi.dll
0x00007ffc79530000 - 0x00007ffc79548000 	C:\Program Files\Java\jdk-16.0.2\bin\zip.dll
0x00007ffc79510000 - 0x00007ffc79529000 	C:\Program Files\Java\jdk-16.0.2\bin\net.dll
0x00007ffc76db0000 - 0x00007ffc76ebc000 	C:\WINDOWS\SYSTEM32\WINHTTP.dll
0x00007ffc84420000 - 0x00007ffc8448a000 	C:\WINDOWS\system32\mswsock.dll
0x00007ffc794f0000 - 0x00007ffc79503000 	C:\Program Files\Java\jdk-16.0.2\bin\nio.dll
0x00007ffc745c0000 - 0x00007ffc745da000 	C:\Program Files\JetBrains\IntelliJ IDEA 2021.2.3\bin\breakgen64.dll
0x00007ffc841b0000 - 0x00007ffc8427b000 	C:\WINDOWS\SYSTEM32\DNSAPI.dll
0x00007ffc840c0000 - 0x00007ffc840fb000 	C:\WINDOWS\SYSTEM32\IPHLPAPI.DLL
0x00007ffc86cf0000 - 0x00007ffc86cf8000 	C:\WINDOWS\System32\NSI.dll
0x00007ffc75dd0000 - 0x00007ffc75dda000 	C:\Windows\System32\rasadhlp.dll
0x00007ffc76370000 - 0x00007ffc763ef000 	C:\WINDOWS\System32\fwpuclnt.dll
0x00007ffc85410000 - 0x00007ffc85437000 	C:\WINDOWS\System32\bcrypt.dll
0x00007ffc79d70000 - 0x00007ffc79d79000 	C:\Program Files\Java\jdk-16.0.2\bin\management.dll
0x00007ffc797b0000 - 0x00007ffc797bb000 	C:\Program Files\Java\jdk-16.0.2\bin\management_ext.dll
0x00007ffc84610000 - 0x00007ffc84628000 	C:\WINDOWS\SYSTEM32\CRYPTSP.dll
0x00007ffc83d30000 - 0x00007ffc83d64000 	C:\WINDOWS\system32\rsaenh.dll
0x00007ffc84b30000 - 0x00007ffc84b5e000 	C:\WINDOWS\SYSTEM32\USERENV.dll
0x00007ffc84630000 - 0x00007ffc8463c000 	C:\WINDOWS\SYSTEM32\CRYPTBASE.dll
0x00007ffc77570000 - 0x00007ffc77587000 	C:\WINDOWS\SYSTEM32\dhcpcsvc6.DLL
0x00007ffc775b0000 - 0x00007ffc775cd000 	C:\WINDOWS\SYSTEM32\dhcpcsvc.DLL
0x00007ffc6c7e0000 - 0x00007ffc6c7f7000 	C:\WINDOWS\system32\napinsp.dll
0x00007ffc6c7c0000 - 0x00007ffc6c7db000 	C:\WINDOWS\system32\pnrpnsp.dll
0x00007ffc7f3c0000 - 0x00007ffc7f3d5000 	C:\WINDOWS\system32\wshbth.dll
0x00007ffc7efa0000 - 0x00007ffc7efbd000 	C:\WINDOWS\system32\NLAapi.dll
0x00007ffc6c7a0000 - 0x00007ffc6c7b2000 	C:\WINDOWS\System32\winrnr.dll

dbghelp: loaded successfully - version: 4.0.5 - missing functions: none
symbol engine: initialized successfully - sym options: 0x614 - pdb path: .;C:\Program Files\Java\jdk-16.0.2\bin;C:\WINDOWS\SYSTEM32;C:\WINDOWS\WinSxS\amd64_microsoft.windows.common-controls_6595b64144ccf1df_6.0.19041.1110_none_60b5254171f9507e;C:\Program Files\Java\jdk-16.0.2\bin\server;C:\Program Files\JetBrains\IntelliJ IDEA 2021.2.3\bin

VM Arguments:
jvm_args: -XX:TieredStopAtLevel=1 -Xverify:none -Dspring.output.ansi.enabled=always -javaagent:C:\Program Files\JetBrains\IntelliJ IDEA 2021.2.3\lib\idea_rt.jar=51048:C:\Program Files\JetBrains\IntelliJ IDEA 2021.2.3\bin -Dcom.sun.management.jmxremote -Dspring.jmx.enabled=true -Dspring.liveBeansView.mbeanDomain -Dspring.application.admin.enabled=true -Dfile.encoding=UTF-8 
java_command: com.akash.ConfigServer.ConfigServerApplication
java_class_path (initial): C:\Users\Akash PC\Desktop\Stock-Market-Charting\backend\ConfigServer\target\classes;C:\Users\Akash PC\.m2\repository\org\springframework\boot\spring-boot-starter-actuator\2.5.7\spring-boot-starter-actuator-2.5.7.jar;C:\Users\Akash PC\.m2\repository\org\springframework\boot\spring-boot-starter\2.5.7\spring-boot-starter-2.5.7.jar;C:\Users\Akash PC\.m2\repository\org\springframework\boot\spring-boot-starter-logging\2.5.7\spring-boot-starter-logging-2.5.7.jar;C:\Users\Akash PC\.m2\repository\ch\qos\logback\logback-classic\1.2.7\logback-classic-1.2.7.jar;C:\Users\Akash PC\.m2\repository\ch\qos\logback\logback-core\1.2.7\logback-core-1.2.7.jar;C:\Users\Akash PC\.m2\repository\org\apache\logging\log4j\log4j-to-slf4j\2.14.1\log4j-to-slf4j-2.14.1.jar;C:\Users\Akash PC\.m2\repository\org\apache\logging\log4j\log4j-api\2.14.1\log4j-api-2.14.1.jar;C:\Users\Akash PC\.m2\repository\org\slf4j\jul-to-slf4j\1.7.32\jul-to-slf4j-1.7.32.jar;C:\Users\Akash PC\.m2\repository\jakarta\annotation\jakarta.annotation-api\1.3.5\jakarta.annotation-api-1.3.5.jar;C:\Users\Akash PC\.m2\repository\org\springframework\boot\spring-boot-actuator-autoconfigure\2.5.7\spring-boot-actuator-autoconfigure-2.5.7.jar;C:\Users\Akash PC\.m2\repository\org\springframework\boot\spring-boot-actuator\2.5.7\spring-boot-actuator-2.5.7.jar;C:\Users\Akash PC\.m2\repository\com\fasterxml\jackson\core\jackson-databind\2.12.5\jackson-databind-2.12.5.jar;C:\Users\Akash PC\.m2\repository\com\fasterxml\jackson\datatype\jackson-datatype-jsr310\2.12.5\jackson-datatype-jsr310-2.12.5.jar;C:\Users\Akash PC\.m2\repository\io\micrometer\micrometer-core\1.7.6\micrometer-core-1.7.6.jar;C:\Users\Akash PC\.m2\repository\org\hdrhistogram\HdrHistogram\2.1.12\HdrHistogram-2.1.12.jar;C:\Users\Akash PC\.m2\repository\org\latencyutils\LatencyUtils\2.0.3\LatencyUtils-2.0.3.jar;C:\Users\Akash PC\.m2\repository\org\springframework\boot\spring-boot-starter-web\2.5.7\spring-boot-starter-web-2.5.7.jar;C:\Users\Akash PC
Launcher Type: SUN_STANDARD

[Global flags]
     intx CICompilerCount                          = 3                                         {product} {ergonomic}
     uint ConcGCThreads                            = 1                                         {product} {ergonomic}
     uint G1ConcRefinementThreads                  = 4                                         {product} {ergonomic}
   size_t G1HeapRegionSize                         = 1048576                                   {product} {ergonomic}
    uintx GCDrainStackTargetSize                   = 64                                        {product} {ergonomic}
   size_t InitialHeapSize                          = 132120576                                 {product} {ergonomic}
     bool ManagementServer                         = true                                      {product} {command line}
   size_t MarkStackSize                            = 4194304                                   {product} {ergonomic}
   size_t MaxHeapSize                              = 2113929216                                {product} {ergonomic}
   size_t MaxNewSize                               = 1267728384                                {product} {ergonomic}
   size_t MinHeapDeltaBytes                        = 1048576                                   {product} {ergonomic}
   size_t MinHeapSize                              = 8388608                                   {product} {ergonomic}
    uintx NonNMethodCodeHeapSize                   = 6973028                                {pd product} {ergonomic}
    uintx NonProfiledCodeHeapSize                  = 244685212                              {pd product} {ergonomic}
    uintx ProfiledCodeHeapSize                     = 0                                      {pd product} {ergonomic}
    uintx ReservedCodeCacheSize                    = 251658240                              {pd product} {ergonomic}
     bool SegmentedCodeCache                       = true                                      {product} {ergonomic}
   size_t SoftMaxHeapSize                          = 2113929216                             {manageable} {ergonomic}
     intx TieredStopAtLevel                        = 1                                         {product} {command line}
     bool UseCompressedClassPointers               = true                           {product lp64_product} {ergonomic}
     bool UseCompressedOops                        = true                           {product lp64_product} {ergonomic}
     bool UseG1GC                                  = true                                      {product} {ergonomic}
     bool UseLargePagesIndividualAllocation        = false                                  {pd product} {ergonomic}

Logging:
Log output configuration:
 #0: stdout all=warning uptime,level,tags
 #1: stderr all=off uptime,level,tags

Environment Variables:
JAVA_HOME=C:\Program Files\Java\jdk-16.0.1
PATH=C:\Program Files (x86)\Common Files\Oracle\Java\javapath;C:\Program Files\Common Files\Oracle\Java\javapath;C:\Program Files (x86)\Intel\iCLS Client\;C:\Program Files\Java\jre-10.0.2\bin;C:\ProgramData\Oracle\Java\javapath;C:\Program Files\Intel\iCLS Client\;C:\WINDOWS\system32;C:\WINDOWS;C:\WINDOWS\System32\Wbem;C:\WINDOWS\System32\WindowsPowerShell\v1.0\;C:\WINDOWS\System32\OpenSSH\;C:\Program Files (x86)\Intel\Intel(R) Management Engine Components\DAL;C:\Program Files\Intel\Intel(R) Management Engine Components\DAL;C:\Program Files (x86)\Intel\Intel(R) Management Engine Components\IPT;C:\Program Files\Intel\Intel(R) Management Engine Components\IPT;C:\Program Files\Java\jdk-10.0.2\bin;F:\java\Java\jdk-10.0.2\bin;F:\java\Java\jre-10.0.2\bin;C:\Strawberry\c\bin;C:\Strawberry\perl\site\bin;C:\Strawberry\perl\bin;C:\Users\Akash PC\Downloads\apache-maven-3.8.4-bin\apache-maven-3.8.4-bin;C:\Program Files\nodejs\;C:\Program Files\MySQL\MySQL Shell 8.0\bin\;C:\Users\Akash PC\AppData\Local\Programs\Python\Python37-32\Scripts\;C:\Users\Akash PC\AppData\Local\Programs\Python\Python37-32\;C:\Users\Akash PC\AppData\Local\Microsoft\WindowsApps;;C:\Users\Akash PC\AppData\Local\Programs\Microsoft VS Code\bin;C:\Users\Akash PC\AppData\Local\JetBrains\IntelliJ IDEA Community Edition 2021.2.3\bin;;C:\Users\Akash PC\AppData\Roaming\npm
USERNAME=Akash PC
OS=Windows_NT
PROCESSOR_IDENTIFIER=Intel64 Family 6 Model 142 Stepping 9, GenuineIntel



---------------  S Y S T E M  ---------------

OS:
 Windows 10 , 64 bit Build 19041 (10.0.19041.1348)
OS uptime: 6 days 12:00 hours

CPU: total 4 (initial active 4) (2 cores per cpu, 2 threads per core) family 6 model 142 stepping 9 microcode 0xb4, cx8, cmov, fxsr, ht, mmx, 3dnowpref, sse, sse2, sse3, ssse3, sse4.1, sse4.2, popcnt, lzcnt, tsc, tscinvbit, avx, avx2, aes, erms, clmul, bmi1, bmi2, adx, fma, vzeroupper, clflush, clflushopt

Memory: 4k page, system-wide physical 8058M (459M free)
TotalPageFile size 12058M (AvailPageFile size 3M)
current process WorkingSet (physical memory assigned to process): 59M, peak: 59M
current process commit charge ("private bytes"): 206M, peak: 206M

vm_info: Java HotSpot(TM) 64-Bit Server VM (16.0.2+7-67) for windows-amd64 JRE (16.0.2+7-67), built on Jun  8 2021 23:24:19 by "mach5one" with MS VC++ 16.7 (VS2019)

END.
